{
  "RSpec": {
    "coverage": {
      "/Users/siripoom.l/Desktop/Banktransfer/spec/banktransfer_spec.rb": {
        "lines": [
          1,
          null,
          1,
          1,
          1,
          2,
          null,
          1,
          1,
          2,
          null,
          1,
          1,
          1,
          null,
          1,
          1,
          1,
          null,
          null
        ]
      },
      "/Users/siripoom.l/Desktop/Banktransfer/banktransfer.rb": {
        "lines": [
          1,
          1,
          4,
          4,
          null,
          1,
          4,
          3,
          2,
          2,
          2,
          2,
          2,
          10,
          null,
          5,
          5,
          5,
          2,
          2,
          null,
          null,
          5,
          5,
          5,
          5,
          5,
          null,
          null,
          null,
          2,
          null,
          null,
          null,
          null,
          null
        ]
      }
    },
    "timestamp": 1700562359
  }
}
